<?xml version="1.0" encoding="UTF-8"?>
<!-- Generated by org.testng.reporters.JUnitXMLReporter -->
<testsuite ignored="0" hostname="Banu" failures="0" tests="4" name="Test" time="0.038" errors="0" timestamp="2022-12-30T23:36:08 CET">
  <testcase classname="testscripts.Testcase3" name="demo" time="0.005"/>
  <testcase classname="testscripts.Testcase2" name="demo" time="0.001"/>
  <testcase classname="testscripts.Testcase1" name="demo" time="0.001"/>
  <testcase classname="testscripts.Testcase4" name="demo" time="0.0"/>
</testsuite> <!-- Test -->
