<?xml version="1.0" encoding="UTF-8"?>
<testng-results ignored="0" total="4" passed="4" failed="0" skipped="0">
  <reporter-output>
    <line>
      <![CDATA[Hello SQL]]>
    </line>
    <line>
      <![CDATA[Hello Selenium]]>
    </line>
    <line>
      <![CDATA[Hello Java]]>
    </line>
    <line>
      <![CDATA[Hello Automation Engineer]]>
    </line>
  </reporter-output>
  <suite started-at="2022-12-30T23:36:08 CET" name="Suite" finished-at="2022-12-30T23:36:08 CET" duration-ms="38">
    <groups>
    </groups>
    <test started-at="2022-12-30T23:36:08 CET" name="Test" finished-at="2022-12-30T23:36:08 CET" duration-ms="38">
      <class name="testscripts.Testcase2">
        <test-method signature="demo()[pri:0, instance:testscripts.Testcase2@50ad3bc1]" started-at="2022-12-30T23:36:08 CET" name="demo" finished-at="2022-12-30T23:36:08 CET" duration-ms="1" status="PASS">
          <reporter-output>
            <line>
              <![CDATA[Hello Selenium]]>
            </line>
          </reporter-output>
        </test-method> <!-- demo -->
      </class> <!-- testscripts.Testcase2 -->
      <class name="testscripts.Testcase3">
        <test-method signature="demo()[pri:0, instance:testscripts.Testcase3@272ed83b]" started-at="2022-12-30T23:36:08 CET" name="demo" finished-at="2022-12-30T23:36:08 CET" duration-ms="5" status="PASS">
          <reporter-output>
            <line>
              <![CDATA[Hello SQL]]>
            </line>
          </reporter-output>
        </test-method> <!-- demo -->
      </class> <!-- testscripts.Testcase3 -->
      <class name="testscripts.Testcase4">
        <test-method signature="demo()[pri:0, instance:testscripts.Testcase4@6d3a388c]" started-at="2022-12-30T23:36:08 CET" name="demo" finished-at="2022-12-30T23:36:08 CET" duration-ms="0" status="PASS">
          <reporter-output>
            <line>
              <![CDATA[Hello Automation Engineer]]>
            </line>
          </reporter-output>
        </test-method> <!-- demo -->
      </class> <!-- testscripts.Testcase4 -->
      <class name="testscripts.Testcase1">
        <test-method signature="demo()[pri:0, instance:testscripts.Testcase1@223aa2f7]" started-at="2022-12-30T23:36:08 CET" name="demo" finished-at="2022-12-30T23:36:08 CET" duration-ms="1" status="PASS">
          <reporter-output>
            <line>
              <![CDATA[Hello Java]]>
            </line>
          </reporter-output>
        </test-method> <!-- demo -->
      </class> <!-- testscripts.Testcase1 -->
    </test> <!-- Test -->
  </suite> <!-- Suite -->
</testng-results>
